<?xml version="1.0" encoding="UTF-8"?>
<!-- Generated by org.testng.reporters.JUnitReportReporter -->
<testsuite hostname="Madhuri" failures="0" tests="1" name="Oct11.MouseHovering" time="15.411" errors="0" timestamp="2023-10-14T10:28:09 IST" skipped="0">
  <testcase classname="Oct11.MouseHovering" name="mouseHoverTest" time="15.411"/>
</testsuite> <!-- Oct11.MouseHovering -->
