<?xml version="1.0" encoding="UTF-8"?>
<!-- Generated by org.testng.reporters.JUnitReportReporter -->
<testsuite hostname="Madhuri" failures="0" tests="1" name="Oct11.Hello" time="0.007" errors="0" timestamp="2023-10-13T18:21:00 IST" skipped="0">
  <testcase classname="Oct11.Hello" name="helloTest" time="0.007"/>
</testsuite> <!-- Oct11.Hello -->
