<?xml version="1.0" encoding="UTF-8"?>
<!-- Generated by org.testng.reporters.JUnitReportReporter -->
<testsuite hostname="Madhuri" failures="0" tests="3" name="Oct11.HomePage2" time="0.025" errors="0" timestamp="2023-10-13T18:46:05 IST" skipped="0">
  <testcase classname="Oct11.HomePage2" name="registrationTest" time="0.017"/>
  <testcase classname="Oct11.HomePage2" name="loginTest" time="0.004"/>
  <testcase classname="Oct11.HomePage2" name="forgetPassword" time="0.004"/>
</testsuite> <!-- Oct11.HomePage2 -->
